<?xml version="1.0" encoding="utf-8"?><testsuites name="pytest tests"><testsuite name="pytest" errors="0" failures="0" skipped="0" tests="24" time="7.327" timestamp="2026-09-21T01:33:05.960173+00:00" hostname="agent-env-250ef698-2a87-4e77-b90b-5d7a4e4f8990"><testcase classname="tests.backend_test" name="test_ticker" time="0.176" /><testcase classname="tests.backend_test" name="test_movers" time="0.069" /><testcase classname="tests.backend_test" name="test_quote_and_history" time="0.349" /><testcase classname="tests.backend_test" name="test_quote_unknown" time="0.174" /><testcase classname="tests.backend_test" name="test_search" time="0.189" /><testcase classname="tests.backend_test" name="test_admin_login" time="0.299" /><testcase classname="tests.backend_test" name="test_login_invalid" time="0.065" /><testcase classname="tests.backend_test" name="test_me" time="0.569" /><testcase classname="tests.backend_test" name="test_me_no_token" time="0.066" /><testcase classname="tests.backend_test" name="test_watchlist_crud" time="0.514" /><testcase classname="tests.backend_test" name="test_watchlist_requires_auth" time="0.072" /><testcase classname="tests.backend_test" name="test_portfolio_crud" time="0.400" /><testcase classname="tests.backend_test" name="test_brokers" time="0.071" /><testcase classname="tests.backend_test" name="test_google_session_invalid" time="0.287" /><testcase classname="tests.backend_test" name="test_news_aapl" time="0.231" /><testcase classname="tests.backend_test" name="test_news_tsx[TD.TO]" time="0.518" /><testcase classname="tests.backend_test" name="test_news_tsx[RY.TO]" time="0.611" /><testcase classname="tests.backend_test" name="test_news_unknown" time="0.075" /><testcase classname="tests.backend_test" name="test_search_cnq_returns_us_and_tsx" time="0.249" /><testcase classname="tests.backend_test" name="test_search_ibm" time="0.235" /><testcase classname="tests.backend_test" name="test_search_garbage_empty" time="0.222" /><testcase classname="tests.backend_test" name="test_watchlist_dynamic_add_and_cleanup" time="0.761" /><testcase classname="tests.backend_test" name="test_cnq_to_quote_history_news" time="0.385" /><testcase classname="tests.backend_test" name="test_portfolio_dynamic_symbol" time="0.217" /></testsuite></testsuites>