<?xml version="1.0" encoding="utf-8"?><testsuites name="pytest tests"><testsuite name="pytest" errors="0" failures="0" skipped="0" tests="8" time="6.769" timestamp="2026-09-21T13:08:56.430436+00:00" hostname="agent-env-250ef698-2a87-4e77-b90b-5d7a4e4f8990"><testcase classname="tests.test_recommendations" name="test_consensus_td_to" time="2.731" /><testcase classname="tests.test_recommendations" name="test_consensus_aapl" time="0.258" /><testcase classname="tests.test_recommendations" name="test_consensus_unknown_symbol_404" time="0.389" /><testcase classname="tests.test_recommendations" name="test_recommendations_requires_auth" time="0.202" /><testcase classname="tests.test_recommendations" name="test_recommendations_admin" time="0.961" /><testcase classname="tests.test_recommendations" name="test_recommendations_empty_for_fresh_user" time="0.763" /><testcase classname="tests.test_recommendations" name="test_watchlist_has_consensus_key" time="0.343" /><testcase classname="tests.test_recommendations" name="test_ai_rating_openai_cached" time="0.370" /></testsuite></testsuites>