<?xml version="1.0" encoding="utf-8"?><testsuites name="pytest tests"><testsuite name="pytest" errors="0" failures="0" skipped="0" tests="15" time="15.497" timestamp="2026-09-21T20:55:30.826857+00:00" hostname="agent-env-250ef698-2a87-4e77-b90b-5d7a4e4f8990"><testcase classname="tests.test_iter10" name="test_admin_old_password_rejected" time="9.864" /><testcase classname="tests.test_iter10" name="test_admin_new_password_accepted" time="0.300" /><testcase classname="tests.test_iter10" name="test_ai_analyze_requires_auth" time="0.066" /><testcase classname="tests.test_iter10" name="test_ai_rating_requires_auth" time="0.069" /><testcase classname="tests.test_iter10" name="test_ai_analyze_with_token_not_401" time="0.076" /><testcase classname="tests.test_iter10" name="test_ai_rating_with_token_not_401" time="0.067" /><testcase classname="tests.test_iter10" name="test_register_short_password_rejected" time="0.070" /><testcase classname="tests.test_iter10" name="test_register_valid_password_accepted" time="0.537" /><testcase classname="tests.test_iter10" name="test_market_ticker_public" time="0.103" /><testcase classname="tests.test_iter10" name="test_market_movers_public" time="0.071" /><testcase classname="tests.test_iter10" name="test_market_quote_public" time="0.066" /><testcase classname="tests.test_iter10" name="test_articles_public" time="0.067" /><testcase classname="tests.test_iter10" name="test_watchlist_requires_auth" time="0.068" /><testcase classname="tests.test_iter10" name="test_watchlist_read_with_token" time="0.427" /><testcase classname="tests.test_iter10" name="test_zzz_brute_force_lockout" time="3.215" /></testsuite></testsuites>