<?xml version="1.0" encoding="utf-8"?><testsuites name="pytest tests"><testsuite name="pytest" errors="0" failures="0" skipped="0" tests="15" time="18.474" timestamp="2026-09-21T13:27:27.693577+00:00" hostname="agent-env-250ef698-2a87-4e77-b90b-5d7a4e4f8990"><testcase classname="tests.test_articles" name="test_anonymous_list_only_public" time="0.352" /><testcase classname="tests.test_articles" name="test_u1_cannot_publish_public" time="0.634" /><testcase classname="tests.test_articles" name="test_u1_private_created" time="0.071" /><testcase classname="tests.test_articles" name="test_u1_scope_mine_includes_it" time="0.078" /><testcase classname="tests.test_articles" name="test_anonymous_does_not_see_private" time="0.079" /><testcase classname="tests.test_articles" name="test_u2_cannot_get_u1_private" time="0.622" /><testcase classname="tests.test_articles" name="test_u1_can_get_own_full" time="0.069" /><testcase classname="tests.test_articles" name="test_u1_update_title" time="0.078" /><testcase classname="tests.test_articles" name="test_u2_cannot_update" time="0.080" /><testcase classname="tests.test_articles" name="test_u2_cannot_delete" time="0.096" /><testcase classname="tests.test_articles" name="test_u1_delete" time="0.072" /><testcase classname="tests.test_articles" name="test_admin_public_article_flow" time="0.748" /><testcase classname="tests.test_articles" name="test_missing_article_404" time="0.065" /><testcase classname="tests.test_articles" name="test_ai_draft_unauth" time="0.067" /><testcase classname="tests.test_articles" name="test_ai_draft_admin_openai" time="14.822" /></testsuite></testsuites>