<?xml version="1.0" encoding="utf-8"?><testsuites name="pytest tests"><testsuite name="pytest" errors="0" failures="0" skipped="0" tests="15" time="5.017" timestamp="2026-09-21T13:50:29.385556+00:00" hostname="agent-env-250ef698-2a87-4e77-b90b-5d7a4e4f8990"><testcase classname="tests.test_iter8" name="test_comments_anon_get" time="0.247" /><testcase classname="tests.test_iter8" name="test_comment_unauth_post" time="0.082" /><testcase classname="tests.test_iter8" name="test_comment_empty_body" time="0.515" /><testcase classname="tests.test_iter8" name="test_comment_post_and_flags" time="0.202" /><testcase classname="tests.test_iter8" name="test_comment_delete_forbidden" time="0.448" /><testcase classname="tests.test_iter8" name="test_comment_admin_delete" time="0.373" /><testcase classname="tests.test_iter8" name="test_comment_on_private_note" time="0.211" /><testcase classname="tests.test_iter8" name="test_bookmark_flow" time="0.389" /><testcase classname="tests.test_iter8" name="test_saved_scope_unauth" time="0.088" /><testcase classname="tests.test_iter8" name="test_newsletter_preview_admin" time="0.086" /><testcase classname="tests.test_iter8" name="test_newsletter_send_self" time="0.717" /><testcase classname="tests.test_iter8" name="test_newsletter_unauth" time="0.085" /><testcase classname="tests.test_iter8" name="test_portfolio_history_admin" time="0.842" /><testcase classname="tests.test_iter8" name="test_portfolio_history_empty" time="0.069" /><testcase classname="tests.test_iter8" name="test_market_overview" time="0.277" /></testsuite></testsuites>