<?xml version="1.0" encoding="utf-8"?><testsuites name="pytest tests"><testsuite name="pytest" errors="0" failures="0" skipped="0" tests="24" time="28.614" timestamp="2026-09-21T01:14:45.558301+00:00" hostname="agent-env-250ef698-2a87-4e77-b90b-5d7a4e4f8990"><testcase classname="tests.backend_test" name="test_ticker" time="0.509" /><testcase classname="tests.backend_test" name="test_movers" time="0.066" /><testcase classname="tests.backend_test" name="test_quote_and_history" time="0.248" /><testcase classname="tests.backend_test" name="test_quote_unknown" time="0.075" /><testcase classname="tests.backend_test" name="test_search" time="0.070" /><testcase classname="tests.backend_test" name="test_admin_login" time="0.287" /><testcase classname="tests.backend_test" name="test_login_invalid" time="0.061" /><testcase classname="tests.backend_test" name="test_me" time="0.565" /><testcase classname="tests.backend_test" name="test_me_no_token" time="0.064" /><testcase classname="tests.backend_test" name="test_watchlist_crud" time="0.324" /><testcase classname="tests.backend_test" name="test_watchlist_requires_auth" time="0.065" /><testcase classname="tests.backend_test" name="test_portfolio_crud" time="0.254" /><testcase classname="tests.backend_test" name="test_brokers" time="0.061" /><testcase classname="tests.backend_test" name="test_ai_analyze" time="0.143" /><testcase classname="tests.backend_test" name="test_ai_analyze_unknown" time="0.064" /><testcase classname="tests.backend_test" name="test_ai_analyze_openai" time="5.717" /><testcase classname="tests.backend_test" name="test_ai_analyze_anthropic" time="16.550" /><testcase classname="tests.backend_test" name="test_ai_email_requires_auth" time="0.067" /><testcase classname="tests.backend_test" name="test_ai_email_sends" time="1.086" /><testcase classname="tests.backend_test" name="test_google_session_invalid" time="0.144" /><testcase classname="tests.backend_test" name="test_news_aapl" time="0.281" /><testcase classname="tests.backend_test" name="test_news_tsx[TD.TO]" time="0.369" /><testcase classname="tests.backend_test" name="test_news_tsx[RY.TO]" time="0.464" /><testcase classname="tests.backend_test" name="test_news_unknown" time="0.062" /></testsuite></testsuites>