<?xml version="1.0" encoding="utf-8"?><testsuites name="pytest tests"><testsuite name="pytest" errors="0" failures="0" skipped="0" tests="11" time="65.173" timestamp="2026-09-21T02:10:03.501682+00:00" hostname="agent-env-250ef698-2a87-4e77-b90b-5d7a4e4f8990"><testcase classname="tests.test_alerts_digest" name="test_alerts_requires_auth" time="0.205" /><testcase classname="tests.test_alerts_digest" name="test_create_alert_bad_direction" time="0.386" /><testcase classname="tests.test_alerts_digest" name="test_create_alert_bad_target" time="0.076" /><testcase classname="tests.test_alerts_digest" name="test_create_alert_bad_symbol" time="0.161" /><testcase classname="tests.test_alerts_digest" name="test_alerts_crud" time="0.340" /><testcase classname="tests.test_alerts_digest" name="test_alert_triggers_after_worker_tick" time="62.323" /><testcase classname="tests.test_alerts_digest" name="test_digest_settings_default" time="0.095" /><testcase classname="tests.test_alerts_digest" name="test_digest_settings_toggle" time="0.331" /><testcase classname="tests.test_alerts_digest" name="test_digest_preview" time="0.090" /><testcase classname="tests.test_alerts_digest" name="test_digest_send_deliverable" time="0.367" /><testcase classname="tests.test_alerts_digest" name="test_digest_send_admin_undeliverable" time="0.165" /></testsuite></testsuites>