<?xml version="1.0" encoding="utf-8"?><testsuites name="pytest tests"><testsuite name="pytest" errors="0" failures="0" skipped="0" tests="11" time="64.835" timestamp="2026-09-21T14:52:09.610621+00:00" hostname="agent-env-250ef698-2a87-4e77-b90b-5d7a4e4f8990"><testcase classname="tests.test_iter9" name="test_portfolio_currency_split" time="0.743" /><testcase classname="tests.test_iter9" name="test_portfolio_history_usd" time="0.282" /><testcase classname="tests.test_iter9" name="test_portfolio_history_cad" time="0.655" /><testcase classname="tests.test_iter9" name="test_dividends_admin" time="0.560" /><testcase classname="tests.test_iter9" name="test_dividends_fresh_user" time="0.481" /><testcase classname="tests.test_iter9" name="test_dividends_unauth" time="0.086" /><testcase classname="tests.test_iter9" name="test_pct_alert_create_valid" time="0.189" /><testcase classname="tests.test_iter9" name="test_alert_invalid_kind" time="0.076" /><testcase classname="tests.test_iter9" name="test_pct_alert_target_too_big" time="0.084" /><testcase classname="tests.test_iter9" name="test_price_alert_default_kind" time="0.199" /><testcase classname="tests.test_iter9" name="test_pct_alert_triggers" time="61.150" /></testsuite></testsuites>